161713.263011 [9604] [10528] <info> Open log C:\Users\Андреев\documents\visual studio 2015\Projects\StatA\StatA\bin\Debug\StockSharp.Transaq\Logs, level 2
161713.264511 [9604] [10528] <info> System version 5.41. TXmlConnector version 2.20.13
161713.265013 [9604] [10528] <info> Initializing...
161714.336781 [9604] [10528] <info> State <DISCONNECTED> changed to <CONNECTING>
161714.358796 [9604] [main] <info> Initializing dsp...
161714.359297 [9604] [main] <info> Preparing for login...
161714.359297 [9604] [main] <info> Packet size: 65520
161714.359297 [9604] [main] <info> Logging in...
161714.735563 [9604] [main] <info> Logged in
161714.736064 [9604] [main] <info> State <CONNECTING> changed to <LOADING>
161714.736064 [9604] [main] <info> Loading static data...
161714.991746 [9604] [main] <info> Loading snapshot...
161714.991746 [9604] [main] <info> State <LOADING> changed to <READY>
161714.992246 [9604] [main] <info> Main thread OK. Data refresh period: 100
161722.763766 [9604] [main] <info> Snapshot loaded: Cl: 8, As: 0
161723.415731 [9604] [main] <info> Host RAM: 8501MB total, 779MB available, 456708KB used
162328.766465 [9604] [10528] <info> Disconnecting...
162328.766465 [9604] [10528] <info> Waiting for WorkUp...
162328.766966 [9604] [main] <info> Shutdown event received
162328.767467 [9604] [main] <info> State <READY> changed to <DISCONNECTING>
162328.768967 [9604] [main] <info> Logging out...
162329.085693 [9604] [main] <info> Host RAM: 8501MB total, 975MB available, 468058KB used
162329.086193 [9604] [main] <info> State <DISCONNECTING> changed to <DISCONNECTED>
162329.087194 [9604] [10528] <info> Disconnect OK
162329.088694 [9604] [10528] <info> Finalizing...
162329.089195 [9604] [10528] <info> Shutdown...
162329.092197 [9604] [10528] <info> Waiting for callback thread...
162329.092197 [9604] [10528] <info> Shutdown OK
164750.405823 [13112] [15860] <info> Open log C:\Users\Андреев\documents\visual studio 2015\Projects\StatA\StatA\bin\Debug\StockSharp.Transaq\Logs, level 2
164750.409826 [13112] [15860] <info> System version 5.41. TXmlConnector version 2.20.13
164750.409826 [13112] [15860] <info> Initializing...
164751.457783 [13112] [15860] <info> State <DISCONNECTED> changed to <CONNECTING>
164751.458782 [13112] [main] <info> Initializing dsp...
164751.458782 [13112] [main] <info> Preparing for login...
164751.459283 [13112] [main] <info> Packet size: 65520
164751.459283 [13112] [main] <info> Logging in...
164751.827712 [13112] [main] <info> Logged in
164751.827712 [13112] [main] <info> State <CONNECTING> changed to <LOADING>
164751.828212 [13112] [main] <info> Loading static data...
164752.071173 [13112] [main] <info> Loading snapshot...
164752.071173 [13112] [main] <info> State <LOADING> changed to <READY>
164752.072674 [13112] [main] <info> Main thread OK. Data refresh period: 100
164758.976316 [13112] [main] <info> Snapshot loaded: Cl: 8, As: 0
164759.804386 [13112] [main] <info> Host RAM: 8501MB total, 1087MB available, 570544KB used
164806.475319 [13112] [15860] <info> Disconnecting...
164806.475319 [13112] [15860] <info> Waiting for WorkUp...
164806.521352 [13112] [main] <info> Shutdown event received
164806.521352 [13112] [main] <info> State <READY> changed to <DISCONNECTING>
164806.522353 [13112] [main] <info> Logging out...
164806.829071 [13112] [main] <info> Host RAM: 8501MB total, 1067MB available, 571916KB used
164806.829071 [13112] [main] <info> State <DISCONNECTING> changed to <DISCONNECTED>
164806.831073 [13112] [15860] <info> Disconnect OK
164806.834075 [13112] [15860] <info> Finalizing...
164806.834575 [13112] [15860] <info> Shutdown...
164806.835575 [13112] [15860] <info> Waiting for callback thread...
164806.852087 [13112] [15860] <info> Shutdown OK
165613.244218 [16116] [13664] <info> Open log C:\Users\Андреев\documents\visual studio 2015\Projects\StatA\StatA\bin\Debug\StockSharp.Transaq\Logs, level 2
165613.245719 [16116] [13664] <info> System version 5.41. TXmlConnector version 2.20.13
165613.245719 [16116] [13664] <info> Initializing...
165614.303662 [16116] [13664] <info> State <DISCONNECTED> changed to <CONNECTING>
165614.304663 [16116] [main] <info> Initializing dsp...
165614.304663 [16116] [main] <info> Preparing for login...
165614.305163 [16116] [main] <info> Packet size: 65520
165614.305163 [16116] [main] <info> Logging in...
165614.651491 [16116] [main] <info> Logged in
165614.651993 [16116] [main] <info> State <CONNECTING> changed to <LOADING>
165614.651993 [16116] [main] <info> Loading static data...
165614.909485 [16116] [main] <info> Loading snapshot...
165614.909485 [16116] [main] <info> State <LOADING> changed to <READY>
165614.909485 [16116] [main] <info> Main thread OK. Data refresh period: 100
165621.505548 [16116] [main] <info> Snapshot loaded: Cl: 8, As: 0
165622.163516 [16116] [main] <info> Host RAM: 8501MB total, 1536MB available, 573796KB used
165627.965515 [16116] [13664] <info> Disconnecting...
165627.966016 [16116] [13664] <info> Waiting for WorkUp...
165627.994535 [16116] [main] <info> Shutdown event received
165627.994535 [16116] [main] <info> State <READY> changed to <DISCONNECTING>
165627.995537 [16116] [main] <info> Logging out...
165628.296756 [16116] [main] <info> Host RAM: 8501MB total, 1517MB available, 578015KB used
165628.296756 [16116] [main] <info> State <DISCONNECTING> changed to <DISCONNECTED>
165628.305262 [16116] [13664] <info> Disconnect OK
165628.306263 [16116] [13664] <info> Finalizing...
165628.306263 [16116] [13664] <info> Shutdown...
165628.307264 [16116] [13664] <info> Waiting for callback thread...
165628.323285 [16116] [13664] <info> Shutdown OK
172402.330308 [15656] [15884] <info> Open log C:\Users\Андреев\documents\visual studio 2015\Projects\StatA\StatA\bin\Debug\StockSharp.Transaq\Logs, level 2
172402.332309 [15656] [15884] <info> System version 5.41. TXmlConnector version 2.20.13
172402.332309 [15656] [15884] <info> Initializing...
172403.379620 [15656] [15884] <info> State <DISCONNECTED> changed to <CONNECTING>
172403.380121 [15656] [main] <info> Initializing dsp...
172403.380627 [15656] [main] <info> Preparing for login...
172403.381121 [15656] [main] <info> Packet size: 65520
172403.381121 [15656] [main] <info> Logging in...
172403.723929 [15656] [main] <info> Logged in
172403.723929 [15656] [main] <info> State <CONNECTING> changed to <LOADING>
172403.724429 [15656] [main] <info> Loading static data...
172403.965578 [15656] [main] <info> Loading snapshot...
172403.966079 [15656] [main] <info> State <LOADING> changed to <READY>
172403.966579 [15656] [main] <info> Main thread OK. Data refresh period: 100
172410.275984 [15656] [main] <info> Snapshot loaded: Cl: 8, As: 0
172410.922065 [15656] [main] <info> Host RAM: 8501MB total, 1839MB available, 577949KB used
172440.068136 [15656] [15884] <info> Disconnecting...
172440.068136 [15656] [15884] <info> Waiting for WorkUp...
172440.128177 [15656] [main] <info> Shutdown event received
172440.129178 [15656] [main] <info> State <READY> changed to <DISCONNECTING>
172440.134682 [15656] [main] <info> Logging out...
172440.370605 [15656] [main] <info> Host RAM: 8501MB total, 1647MB available, 655126KB used
172440.370605 [15656] [main] <info> State <DISCONNECTING> changed to <DISCONNECTED>
172440.371605 [15656] [15884] <info> Disconnect OK
172440.459167 [15656] [15884] <info> Finalizing...
172440.459167 [15656] [15884] <info> Shutdown...
172440.463171 [15656] [15884] <info> Waiting for callback thread...
172440.483184 [15656] [15884] <info> Shutdown OK
173104.810970 [14420] [10548] <info> Open log C:\Users\Андреев\documents\visual studio 2015\Projects\StatA\StatA\bin\Debug\StockSharp.Transaq\Logs, level 2
173104.811973 [14420] [10548] <info> System version 5.41. TXmlConnector version 2.20.13
173104.811973 [14420] [10548] <info> Initializing...
173105.855333 [14420] [10548] <info> State <DISCONNECTED> changed to <CONNECTING>
173105.856334 [14420] [main] <info> Initializing dsp...
173105.856334 [14420] [main] <info> Preparing for login...
173105.856835 [14420] [main] <info> Packet size: 65520
173105.856835 [14420] [main] <info> Logging in...
173106.324642 [14420] [main] <info> Logged in
173106.325141 [14420] [main] <info> State <CONNECTING> changed to <LOADING>
173106.325141 [14420] [main] <info> Loading static data...
173106.569461 [14420] [main] <info> Loading snapshot...
173106.569461 [14420] [main] <info> State <LOADING> changed to <READY>
173106.569461 [14420] [main] <info> Main thread OK. Data refresh period: 100
173112.760430 [14420] [main] <info> Snapshot loaded: Cl: 8, As: 0
173113.411009 [14420] [main] <info> Host RAM: 8501MB total, 1349MB available, 592867KB used
173125.774425 [14420] [10548] <info> Disconnecting...
173125.774425 [14420] [main] <info> Shutdown event received
173125.774925 [14420] [10548] <info> Waiting for WorkUp...
173125.774925 [14420] [main] <info> State <READY> changed to <DISCONNECTING>
173125.775926 [14420] [main] <info> Logging out...
173126.039090 [14420] [main] <info> Host RAM: 8501MB total, 1299MB available, 598335KB used
173126.041593 [14420] [main] <info> State <DISCONNECTING> changed to <DISCONNECTED>
173126.043093 [14420] [10548] <info> Disconnect OK
173126.044094 [14420] [10548] <info> Finalizing...
173126.044594 [14420] [10548] <info> Shutdown...
173126.046095 [14420] [10548] <info> Waiting for callback thread...
173126.083121 [14420] [10548] <info> Shutdown OK
195717.071446 [9660] [8700] <info> Open log C:\Users\Андреев\documents\visual studio 2015\Projects\StatA\StatA\bin\Debug\StockSharp.Transaq\Logs, level 2
195717.073948 [9660] [8700] <info> System version 5.41. TXmlConnector version 2.20.13
195717.073948 [9660] [8700] <info> Initializing...
195718.121692 [9660] [8700] <info> State <DISCONNECTED> changed to <CONNECTING>
195718.122693 [9660] [main] <info> Initializing dsp...
195718.123194 [9660] [main] <info> Preparing for login...
195718.123194 [9660] [main] <info> Packet size: 65520
195718.123194 [9660] [main] <info> Logging in...
195718.444421 [9660] [main] <info> Logged in
195718.444421 [9660] [main] <info> State <CONNECTING> changed to <LOADING>
195718.444922 [9660] [main] <info> Loading static data...
195718.723620 [9660] [main] <info> Loading snapshot...
195718.723620 [9660] [main] <info> State <LOADING> changed to <READY>
195718.723620 [9660] [main] <info> Main thread OK. Data refresh period: 100
195725.553187 [9660] [main] <info> Snapshot loaded: Cl: 8, As: 0
195726.265693 [9660] [main] <info> Host RAM: 8501MB total, 920MB available, 572092KB used
195729.869252 [9660] [8700] <info> Disconnecting...
195729.869252 [9660] [8700] <info> Waiting for WorkUp...
195729.869252 [9660] [main] <info> Shutdown event received
195729.869753 [9660] [main] <info> State <READY> changed to <DISCONNECTING>
195729.883263 [9660] [main] <info> Logging out...
195730.121433 [9660] [main] <info> Host RAM: 8501MB total, 871MB available, 574509KB used
195730.121933 [9660] [main] <info> State <DISCONNECTING> changed to <DISCONNECTED>
195730.123433 [9660] [8700] <info> Disconnect OK
195730.124434 [9660] [8700] <info> Finalizing...
195730.124934 [9660] [8700] <info> Shutdown...
195730.125935 [9660] [8700] <info> Waiting for callback thread...
195730.143448 [9660] [8700] <info> Shutdown OK
