

Start logging 10/05/2017 16:17:14 Transaq TXmlConnector, ver.5-T59-37-5.41.2.20.13
16:17:14.360 Connecting to tr1.finam.ru:3900 buf=65512...
16:17:14.360 WSA started up
16:17:14.547  Connected.
16:17:14.735 Session timeout 120000 ms.
16:17:14.735 Request timeout 20000 ms.
16:17:14.735 SYS# 545 BLD# 1 SRV# 7 UID# 214877
16:17:14.817 Server time:10/05/2017 12:17:17, RQL:78, Diff*10:-143970
16:17:14.991 Server time:10/05/2017 12:17:17, RQL:78, Diff*10:-143970
16:17:22.643 Snapshot accepted
16:17:22.763 Snapshot done. 
16:17:29.143 Server time:10/05/2017 12:17:31, RQL:93, Diff*10:-143980
16:23:28.767 
RQ: 5
SG: 130
RD: <:28;
E:10;W:4197;L:13504;
E:10;W:33765;L:1384200;
E:10;W:33765;L:1385750;
LFT: 0
 
16:23:29.084 WSA cleanup succeeded
16:23:29.084 Trade Stream Closed. S:27715/3430, R:2067044/3539, E:0, Rl:0


Start logging 10/05/2017 16:47:51 Transaq TXmlConnector, ver.5-T59-37-5.41.2.20.13
16:47:51.463 Connecting to tr1.finam.ru:3900 buf=65512...
16:47:51.463 WSA started up
16:47:51.648  Connected.
16:47:51.827 Session timeout 120000 ms.
16:47:51.827 Request timeout 20000 ms.
16:47:51.827 SYS# 545 BLD# 1 SRV# 7 UID# 214877
16:47:51.908 Server time:10/05/2017 12:47:54, RQL:94, Diff*10:-143970
16:47:52.070 Server time:10/05/2017 12:47:54, RQL:78, Diff*10:-143970
16:47:58.845 Snapshot accepted
16:47:58.976 Snapshot done. 
16:48:00.228 Server time:10/05/2017 12:48:02, RQL:109, Diff*10:-143979
16:48:06.521 
RQ: 5
SG: 2
RD: <:8;
LFT: 0
 
16:48:06.828 WSA cleanup succeeded
16:48:06.828 Trade Stream Closed. S:1129/107, R:1668831/211, E:0, Rl:0


Start logging 10/05/2017 16:56:14 Transaq TXmlConnector, ver.5-T59-37-5.41.2.20.13
16:56:14.307 Connecting to tr1.finam.ru:3900 buf=65512...
16:56:14.307 WSA started up
16:56:14.471  Connected.
16:56:14.651 Session timeout 120000 ms.
16:56:14.651 Request timeout 20000 ms.
16:56:14.651 SYS# 545 BLD# 1 SRV# 7 UID# 214877
16:56:14.733 Server time:10/05/2017 12:56:17, RQL:78, Diff*10:-143970
16:56:14.908 Server time:10/05/2017 12:56:17, RQL:94, Diff*10:-143970
16:56:21.379 Snapshot accepted
16:56:21.505 Snapshot done. 
16:56:22.556 Server time:10/05/2017 12:56:25, RQL:79, Diff*10:-143970
16:56:27.994 
RQ: 5
SG: 2
RD: <:8;
LFT: 0
 
16:56:28.296 WSA cleanup succeeded
16:56:28.296 Trade Stream Closed. S:1059/98, R:1651686/176, E:0, Rl:0


Start logging 10/05/2017 17:24:03 Transaq TXmlConnector, ver.5-T59-37-5.41.2.20.13
17:24:03.382 Connecting to tr1.finam.ru:3900 buf=65512...
17:24:03.382 WSA started up
17:24:03.545  Connected.
17:24:03.723 Session timeout 120000 ms.
17:24:03.723 Request timeout 20000 ms.
17:24:03.723 SYS# 545 BLD# 1 SRV# 7 UID# 214877
17:24:03.803 Server time:10/05/2017 13:24:06, RQL:79, Diff*10:-143970
17:24:03.965 Server time:10/05/2017 13:24:06, RQL:78, Diff*10:-143970
17:24:10.161 Snapshot accepted
17:24:10.275 Snapshot done. 
17:24:11.170 Server time:10/05/2017 13:24:13, RQL:78, Diff*10:-143980
17:24:40.128 
RQ: 5
SG: 2
RD: <:8;
LFT: 0
 
17:24:40.370 WSA cleanup succeeded
17:24:40.370 Trade Stream Closed. S:2927/332, R:1679097/455, E:0, Rl:0


Start logging 10/05/2017 17:31:05 Transaq TXmlConnector, ver.5-T59-37-5.41.2.20.13
17:31:05.857 Connecting to tr1.finam.ru:3900 buf=65512...
17:31:05.857 WSA started up
17:31:06.147  Connected.
17:31:06.324 Session timeout 120000 ms.
17:31:06.324 Request timeout 20000 ms.
17:31:06.324 SYS# 545 BLD# 1 SRV# 7 UID# 214877
17:31:06.405 Server time:10/05/2017 13:31:08, RQL:78, Diff*10:-143980
17:31:06.568 Server time:10/05/2017 13:31:09, RQL:78, Diff*10:-143970
17:31:12.652 Snapshot accepted
17:31:12.759 Snapshot done. 
17:31:13.695 Server time:10/05/2017 13:31:16, RQL:94, Diff*10:-143970
17:31:25.774 
RQ: 5
SG: 130
RD: <:578;
E:94;+:12;W:22639;G:256;~:8;B8:xc6ee0a96ad7f4f40;D:62.9974849275;.:0;
E:94;+:12;W:21580;G:256;~:8;B8:xe19e42092ec25240;D:75.034059825;.:0;
E:94;+:12;W:370;G:256;~:8;B8:x07087124ba234540;D:42.2791181137;.:0;
E:94;+:12;W:10083;G:256;~:8;B8:xe4eeb3c375500840;D:3.03928711789;.:0;
E:94;+:12;W:21579;G:256;~:8;B8:x16359886e163f13f;D:1.086885;.:0;
E:94;+:12;W:26195;G:256;~:8;B8:xbc96900f7ab6f43f;D:1.29455;.:0;
E:94;+:12;W:22629;G:256;~:8;B8:xbd1f6d088757e73f;D:0.7294345058990001;.:0;
E:94;+:12;W:10085;G:256;~:8;B8:x95cba28feed8aa3f;D:5.24363088929e-002;.:0;
E:94;+:12;W:21597;G:256;~:8;B8:xb5cf36972e41903f;D:1.58736495775e-002;.:0;
E:94;+:12;W:23432;G:256;~:8;B8:xbf4832cd2271ed3f;D:0.920060539984;.:0;
E:94;+:12;W:21582;G:256;~:8;B8:xbf755b34258b803f;D:8.077898655239999e-003;.:0;
E:94;+:12;W:24545;G:256;~:8;B8:x327bd583990ef33f;D:1.19106437204;.:0;
E:94;+:12;W:10332;G:256;~:8;B8:x26ca2a7f963aed3f;D:0.9134018405660001;.:0;
E:94;+:12;W:22488;G:256;~:8;B8:x007825d7d879e53f;D:0.67112390538;.:0;
E:94;+:12;W:13141;G:256;~:8;B8:x9c955a84310ec13f;D:0.133245648981;.:0;
E:94;+:12;W:26391;G:256;~:8;B8:x820c21bf51218d3f;D:1.42237078145e-002;.:0;
E:94;+:12;W:12515;G:256;~:8;B8:x4ab21a7ac3b4a13f;D:3.45822416833e-002;.:0;
E:94;+:12;W:26372;G:256;~:8;B8:xee8c7ea00040be3f;D:0.118164099868;.:0;
E:94;+:12;W:30408;G:256;~:8;B8:x2594c070d38e4a3f;D:8.10483209993e-004;.:0;
E:94;+:12;W:22481;G:256;~:8;B8:xceec5c76e274d23f;D:0.288384070958;.:0;
E:94;+:12;W:10080;G:256;~:8;B8:x30f93b6f83b3a83f;D:4.82445786747e-002;.:0;
E:94;+:12;W:12521;G:256;~:8;B8:xbc1e7ff88466b13f;D:6.79705721551e-002;.:0;
E:94;+:12;W:12511;G:256;~:8;B8:x597e375d47dce43f;D:0.651889497818;.:0;
E:94;+:12;W:22470;G:256;~:8;B8:x15f142b368b8e53f;D:0.678760862465;.:0;
E:94;+:12;W:6196;G:256;~:8;B8:xeeae65c3eeab673f;D:2.8896010728e-003;.:0;
E:94;+:12;W:12686;G:256;~:8;B8:x5d22c7a50169e43f;D:0.6378181684350001;.:0;
E:94;+:12;W:22034;G:256;~:8;B8:xf5852acf0d051e40;D:7.50493549058;.:0;
E:94;+:12;W:24005;G:256;~:8;B8:x018ae26cb2e02140;D:8.93886127725;.:0;
E:94;+:12;W:22486;G:256;~:8;B8:x01851d989f251440;D:5.03674161606;.:0;
E:94;+:12;W:10079;G:256;~:8;B8:x0319a9ed312cd73f;D:0.362072450724;.:0;
E:94;+:12;W:22638;G:256;~:8;B8:xefa2f9ad87935140;D:70.30515622500001;.:0;
E:94;+:12;W:24552;G:256;~:8;B8:x4432e4d83aef5440;D:83.73796675;.:0;
E:94;+:12;W:22490;G:256;~:8;B8:x67a96afa7b974740;D:47.1834710141;.:0;
E:94;+:12;W:10082;G:256;~:8;B8:xb6e8f8647e220b40;D:3.39184264073;.:0;
E:94;+:12;W:23430;G:256;~:8;B8:x3bb1e2afa4ea3c40;D:28.916575425;.:0;
E:94;+:12;W:21581;G:256;~:8;B8:x0a2c802983384140;D:34.44150275;.:0;
E:94;+:12;W:6531;G:256;~:8;B8:x7417684417683340;D:19.4066050295;.:0;
E:94;+:12;W:10084;G:256;~:8;B8:x44e237d23252f63f;D:1.39506799809;.:0;
LFT: 0
 
17:31:26.038 WSA cleanup succeeded
17:31:26.038 Trade Stream Closed. S:1589/164, R:1659249/268, E:0, Rl:0


Start logging 10/05/2017 19:57:18 Transaq TXmlConnector, ver.5-T59-37-5.41.2.20.13
19:57:18.125 Connecting to tr1.finam.ru:3900 buf=65512...
19:57:18.125 WSA started up
19:57:18.252  Connected.
19:57:18.444 Session timeout 120000 ms.
19:57:18.444 Request timeout 20000 ms.
19:57:18.444 SYS# 545 BLD# 1 SRV# 5 UID# 214877
19:57:18.548 Server time:10/05/2017 15:57:21, RQL:110, Diff*10:-143969
19:57:18.723 Server time:10/05/2017 15:57:21, RQL:78, Diff*10:-143970
19:57:25.435 Snapshot accepted
19:57:25.553 Snapshot done. 
19:57:26.613 Server time:10/05/2017 15:57:29, RQL:94, Diff*10:-143970
19:57:29.869 
RQ: 5
SG: 130
RD: <:21;
E:10;W:35597;L:1390500;
E:10;W:13528;L:58193;
LFT: 0
 
19:57:30.120 WSA cleanup succeeded
19:57:30.120 Trade Stream Closed. S:888/77, R:1653398/185, E:0, Rl:0
