010540.284238 [16888] [1100] <info> Open log C:\Users\Андреев\documents\visual studio 2015\Projects\StatA\StatA\bin\x64\Debug\StockSharp.Transaq\Logs, level 2
010540.285255 [16888] [1100] <info> System version 5.41. TXmlConnector version 2.20.13
010540.285255 [16888] [1100] <info> Initializing...
010541.312836 [16888] [1100] <info> State <DISCONNECTED> changed to <CONNECTING>
010541.313837 [16888] [main] <info> Initializing dsp...
010541.313837 [16888] [main] <info> Preparing for login...
010541.313837 [16888] [main] <info> Packet size: 65520
010541.314838 [16888] [main] <info> Logging in...
010541.326484 [16888] [main] <warning> Failed to login
010541.326484 [16888] [main] <info> State <CONNECTING> changed to <DISCONNECTED>
010550.038080 [16888] [1100] <info> Finalizing...
010550.038559 [16888] [1100] <info> Shutdown...
010550.040652 [16888] [1100] <info> Waiting for callback thread...
010550.041653 [16888] [1100] <info> Shutdown OK
010550.196282 [16888] [1100] <info> Open log C:\Users\Андреев\documents\visual studio 2015\Projects\StatA\StatA\bin\x64\Debug\StockSharp.Transaq\Logs, level 2
010550.197285 [16888] [1100] <info> System version 5.41. TXmlConnector version 2.20.13
010550.197285 [16888] [1100] <info> Initializing...
010551.199356 [16888] [1100] <info> State <DISCONNECTED> changed to <CONNECTING>
010551.199356 [16888] [main] <info> Initializing dsp...
010551.200322 [16888] [main] <info> Preparing for login...
010551.200322 [16888] [main] <info> Packet size: 65520
010551.200322 [16888] [main] <info> Logging in...
010551.504146 [16888] [main] <info> Logged in
010551.504146 [16888] [main] <info> State <CONNECTING> changed to <LOADING>
010551.504146 [16888] [main] <info> Loading static data...
010551.732769 [16888] [main] <info> Loading snapshot...
010551.732769 [16888] [main] <info> State <LOADING> changed to <READY>
010551.733260 [16888] [main] <info> Main thread OK. Data refresh period: 100
010553.085190 [16888] [1100] <info> Finalizing...
010553.085190 [16888] [1100] <info> Disconnecting...
010553.086190 [16888] [1100] <info> Waiting for WorkUp...
012607.549310 [14076] [14780] <info> Open log C:\Users\Андреев\documents\visual studio 2015\Projects\StatA\StatA\bin\x64\Debug\StockSharp.Transaq\Logs, level 2
012607.551265 [14076] [14780] <info> System version 5.41. TXmlConnector version 2.20.13
012607.551265 [14076] [14780] <info> Initializing...
012608.591730 [14076] [14780] <info> State <DISCONNECTED> changed to <CONNECTING>
012608.596618 [14076] [main] <info> Initializing dsp...
012608.596618 [14076] [main] <info> Preparing for login...
012608.596618 [14076] [main] <info> Packet size: 65520
012608.596618 [14076] [main] <info> Logging in...
012608.960823 [14076] [main] <info> Logged in
012608.960823 [14076] [main] <info> State <CONNECTING> changed to <LOADING>
012608.960823 [14076] [main] <info> Loading static data...
012610.061174 [14076] [main] <info> Loading snapshot...
012610.061174 [14076] [main] <info> State <LOADING> changed to <READY>
012610.062152 [14076] [main] <info> Main thread OK. Data refresh period: 100
012636.210544 [14076] [main] <info> Snapshot loaded: Cl: 4, As: 0
012636.485081 [14076] [main] <info> Host RAM: 8501MB total, 1339MB available, 720334KB used
015616.008566 [14604] [5096] <info> Open log C:\Users\Андреев\documents\visual studio 2015\Projects\StatA\StatA\bin\x64\Debug\StockSharp.Transaq\Logs, level 2
015616.009543 [14604] [5096] <info> System version 5.41. TXmlConnector version 2.20.13
015616.009543 [14604] [5096] <info> Initializing...
015617.046758 [14604] [5096] <info> State <DISCONNECTED> changed to <CONNECTING>
015617.047736 [14604] [main] <info> Initializing dsp...
015617.047736 [14604] [main] <info> Preparing for login...
015617.047736 [14604] [main] <info> Packet size: 65520
015617.047736 [14604] [main] <info> Logging in...
015617.522240 [14604] [main] <info> Logged in
015617.522240 [14604] [main] <info> State <CONNECTING> changed to <LOADING>
015617.522240 [14604] [main] <info> Loading static data...
015618.293589 [14604] [main] <info> Loading snapshot...
015618.293589 [14604] [main] <info> State <LOADING> changed to <READY>
015618.294590 [14604] [main] <info> Main thread OK. Data refresh period: 100
015643.707894 [14604] [main] <info> Snapshot progress: Cl: 4, As: 0
015643.707894 [14604] [main] <info> Snapshot loaded: Cl: 4, As: 0
015644.547221 [14604] [main] <info> Host RAM: 8501MB total, 1368MB available, 743882KB used
